# JRE version: OpenJDK Runtime Environment Microsoft-7208460 (11.0.18+10) (build 11.0.18+10-LTS)
# Java VM: OpenJDK 64-Bit Server VM Microsoft-7208460 (11.0.18+10-LTS, mixed mode, tiered, compressed oops, g1 gc, windows-amd64)
Heap:
 garbage-first heap   total 227328K, used 56416K [0x0000000722400000, 0x0000000800000000)
  region size 1024K, 31 young (31744K), 3 survivors (3072K)
 Metaspace       used 32297K, capacity 32866K, committed 33152K, reserved 1079296K
  class space    used 3732K, capacity 3949K, committed 3968K, reserved 1048576K
GC Heap History (8 events):
Event: 0.874 GC heap before
{Heap before GC invocations=0 (full 0):
 garbage-first heap   total 227328K, used 27648K [0x0000000722400000, 0x0000000800000000)
  region size 1024K, 24 young (24576K), 0 survivors (0K)
 Metaspace       used 12295K, capacity 12408K, committed 12544K, reserved 1060864K
  class space    used 1139K, capacity 1175K, committed 1280K, reserved 1048576K
}
Event: 0.878 GC heap after
{Heap after GC invocations=1 (full 0):
 garbage-first heap   total 227328K, used 5727K [0x0000000722400000, 0x0000000800000000)
  region size 1024K, 3 young (3072K), 3 survivors (3072K)
 Metaspace       used 12295K, capacity 12408K, committed 12544K, reserved 1060864K
  class space    used 1139K, capacity 1175K, committed 1280K, reserved 1048576K
}
Event: 1.860 GC heap before
{Heap before GC invocations=1 (full 0):
 garbage-first heap   total 227328K, used 41567K [0x0000000722400000, 0x0000000800000000)
  region size 1024K, 39 young (39936K), 3 survivors (3072K)
 Metaspace       used 20946K, capacity 21171K, committed 21248K, reserved 1069056K
  class space    used 2177K, capacity 2251K, committed 2304K, reserved 1048576K
}
Event: 1.876 GC heap after
{Heap after GC invocations=2 (full 0):
 garbage-first heap   total 227328K, used 9125K [0x0000000722400000, 0x0000000800000000)
  region size 1024K, 6 young (6144K), 6 survivors (6144K)
 Metaspace       used 20946K, capacity 21171K, committed 21248K, reserved 1069056K
  class space    used 2177K, capacity 2251K, committed 2304K, reserved 1048576K
}
Event: 3.094 GC heap before
{Heap before GC invocations=3 (full 0):
 garbage-first heap   total 227328K, used 78757K [0x0000000722400000, 0x0000000800000000)
  region size 1024K, 55 young (56320K), 6 survivors (6144K)
 Metaspace       used 31163K, capacity 31690K, committed 31872K, reserved 1077248K
  class space    used 3649K, capacity 3881K, committed 3968K, reserved 1048576K
}
Event: 3.109 GC heap after
{Heap after GC invocations=4 (full 0):
 garbage-first heap   total 227328K, used 23014K [0x0000000722400000, 0x0000000800000000)
  region size 1024K, 7 young (7168K), 7 survivors (7168K)
 Metaspace       used 31163K, capacity 31690K, committed 31872K, reserved 1077248K
  class space    used 3649K, capacity 3881K, committed 3968K, reserved 1048576K
}
Event: 3.204 GC heap before
{Heap before GC invocations=4 (full 0):
 garbage-first heap   total 227328K, used 36326K [0x0000000722400000, 0x0000000800000000)
  region size 1024K, 20 young (20480K), 7 survivors (7168K)
 Metaspace       used 31283K, capacity 31824K, committed 32128K, reserved 1077248K
  class space    used 3653K, capacity 3882K, committed 3968K, reserved 1048576K
}
Event: 3.222 GC heap after
{Heap after GC invocations=5 (full 0):
 garbage-first heap   total 227328K, used 28768K [0x0000000722400000, 0x0000000800000000)
  region size 1024K, 3 young (3072K), 3 survivors (3072K)
 Metaspace       used 31283K, capacity 31824K, committed 32128K, reserved 1077248K
  class space    used 3653K, capacity 3882K, committed 3968K, reserved 1048576K
}

