# JRE version: OpenJDK Runtime Environment Microsoft-7208460 (11.0.18+10) (build 11.0.18+10-LTS)
# Java VM: OpenJDK 64-Bit Server VM Microsoft-7208460 (11.0.18+10-LTS, mixed mode, tiered, compressed oops, g1 gc, windows-amd64)
Heap:
 garbage-first heap   total 227328K, used 86152K [0x0000000080000000, 0x0000000100000000)
  region size 1024K, 55 young (56320K), 15 survivors (15360K)
 Metaspace       used 71512K, capacity 73870K, committed 73992K, reserved 581632K
  class space    used 9289K, capacity 10205K, committed 10240K, reserved 516096K
GC Heap History (16 events):
Event: 0.975 GC heap before
{Heap before GC invocations=0 (full 0):
 garbage-first heap   total 227328K, used 29696K [0x0000000080000000, 0x0000000100000000)
  region size 1024K, 24 young (24576K), 0 survivors (0K)
 Metaspace       used 9895K, capacity 10148K, committed 10368K, reserved 526336K
  class space    used 1005K, capacity 1069K, committed 1152K, reserved 516096K
}
Event: 0.980 GC heap after
{Heap after GC invocations=1 (full 0):
 garbage-first heap   total 227328K, used 9291K [0x0000000080000000, 0x0000000100000000)
  region size 1024K, 3 young (3072K), 3 survivors (3072K)
 Metaspace       used 9895K, capacity 10148K, committed 10368K, reserved 526336K
  class space    used 1005K, capacity 1069K, committed 1152K, reserved 516096K
}
Event: 3.365 GC heap before
{Heap before GC invocations=1 (full 0):
 garbage-first heap   total 227328K, used 101451K [0x0000000080000000, 0x0000000100000000)
  region size 1024K, 94 young (96256K), 3 survivors (3072K)
 Metaspace       used 20713K, capacity 21121K, committed 21296K, reserved 536576K
  class space    used 2469K, capacity 2623K, committed 2688K, reserved 516096K
}
Event: 3.379 GC heap after
{Heap after GC invocations=2 (full 0):
 garbage-first heap   total 227328K, used 16896K [0x0000000080000000, 0x0000000100000000)
  region size 1024K, 11 young (11264K), 11 survivors (11264K)
 Metaspace       used 20713K, capacity 21121K, committed 21296K, reserved 536576K
  class space    used 2469K, capacity 2623K, committed 2688K, reserved 516096K
}
Event: 3.924 GC heap before
{Heap before GC invocations=3 (full 0):
 garbage-first heap   total 227328K, used 58880K [0x0000000080000000, 0x0000000100000000)
  region size 1024K, 52 young (53248K), 11 survivors (11264K)
 Metaspace       used 24814K, capacity 25353K, committed 25520K, reserved 538624K
  class space    used 3090K, capacity 3291K, committed 3328K, reserved 516096K
}
Event: 3.932 GC heap after
{Heap after GC invocations=4 (full 0):
 garbage-first heap   total 227328K, used 18416K [0x0000000080000000, 0x0000000100000000)
  region size 1024K, 2 young (2048K), 2 survivors (2048K)
 Metaspace       used 24814K, capacity 25353K, committed 25520K, reserved 538624K
  class space    used 3090K, capacity 3291K, committed 3328K, reserved 516096K
}
Event: 5.243 GC heap before
{Heap before GC invocations=4 (full 0):
 garbage-first heap   total 227328K, used 91120K [0x0000000080000000, 0x0000000100000000)
  region size 1024K, 74 young (75776K), 2 survivors (2048K)
 Metaspace       used 34976K, capacity 35772K, committed 35920K, reserved 548864K
  class space    used 4423K, capacity 4750K, committed 4864K, reserved 516096K
}
Event: 5.254 GC heap after
{Heap after GC invocations=5 (full 0):
 garbage-first heap   total 227328K, used 22198K [0x0000000080000000, 0x0000000100000000)
  region size 1024K, 6 young (6144K), 6 survivors (6144K)
 Metaspace       used 34976K, capacity 35772K, committed 35920K, reserved 548864K
  class space    used 4423K, capacity 4750K, committed 4864K, reserved 516096K
}
Event: 13.901 GC heap before
{Heap before GC invocations=6 (full 0):
 garbage-first heap   total 227328K, used 130742K [0x0000000080000000, 0x0000000100000000)
  region size 1024K, 109 young (111616K), 6 survivors (6144K)
 Metaspace       used 43320K, capacity 44539K, committed 44624K, reserved 555008K
  class space    used 5361K, capacity 5821K, committed 5888K, reserved 516096K
}
Event: 13.913 GC heap after
{Heap after GC invocations=7 (full 0):
 garbage-first heap   total 227328K, used 29365K [0x0000000080000000, 0x0000000100000000)
  region size 1024K, 13 young (13312K), 13 survivors (13312K)
 Metaspace       used 43320K, capacity 44539K, committed 44624K, reserved 555008K
  class space    used 5361K, capacity 5821K, committed 5888K, reserved 516096K
}
Event: 15.836 GC heap before
{Heap before GC invocations=7 (full 0):
 garbage-first heap   total 227328K, used 148149K [0x0000000080000000, 0x0000000100000000)
  region size 1024K, 125 young (128000K), 13 survivors (13312K)
 Metaspace       used 52703K, capacity 54245K, committed 54608K, reserved 565248K
  class space    used 6702K, capacity 7309K, committed 7424K, reserved 516096K
}
Event: 15.851 GC heap after
{Heap after GC invocations=8 (full 0):
 garbage-first heap   total 227328K, used 38685K [0x0000000080000000, 0x0000000100000000)
  region size 1024K, 13 young (13312K), 13 survivors (13312K)
 Metaspace       used 52703K, capacity 54245K, committed 54608K, reserved 565248K
  class space    used 6702K, capacity 7309K, committed 7424K, reserved 516096K
}
Event: 17.069 GC heap before
{Heap before GC invocations=8 (full 0):
 garbage-first heap   total 227328K, used 112413K [0x0000000080000000, 0x0000000100000000)
  region size 1024K, 86 young (88064K), 13 survivors (13312K)
 Metaspace       used 58481K, capacity 60137K, committed 60296K, reserved 569344K
  class space    used 7562K, capacity 8270K, committed 8320K, reserved 516096K
}
Event: 17.094 GC heap after
{Heap after GC invocations=9 (full 0):
 garbage-first heap   total 227328K, used 41222K [0x0000000080000000, 0x0000000100000000)
  region size 1024K, 9 young (9216K), 9 survivors (9216K)
 Metaspace       used 58481K, capacity 60137K, committed 60296K, reserved 569344K
  class space    used 7562K, capacity 8270K, committed 8320K, reserved 516096K
}
Event: 19.279 GC heap before
{Heap before GC invocations=10 (full 0):
 garbage-first heap   total 227328K, used 168198K [0x0000000080000000, 0x0000000100000000)
  region size 1024K, 133 young (136192K), 9 survivors (9216K)
 Metaspace       used 67145K, capacity 69182K, committed 69256K, reserved 577536K
  class space    used 8708K, capacity 9549K, committed 9600K, reserved 516096K
}
Event: 19.292 GC heap after
{Heap after GC invocations=11 (full 0):
 garbage-first heap   total 227328K, used 47240K [0x0000000080000000, 0x0000000100000000)
  region size 1024K, 15 young (15360K), 15 survivors (15360K)
 Metaspace       used 67145K, capacity 69182K, committed 69256K, reserved 577536K
  class space    used 8708K, capacity 9549K, committed 9600K, reserved 516096K
}

